2025-03-02 11:21:11.295 INFO [main] [utilities.Log.logInfo(Log.java:13)] - Screenshots for failed
2025-03-02 11:21:11.327 INFO [main] [utilities.Log.logInfo(Log.java:13)] - Closing WebDriver
2025-03-02 11:21:19.962 INFO [main] [utilities.Log.logInfo(Log.java:13)] - Initializing WebDriver
2025-03-02 11:21:19.966 INFO [main] [utilities.Log.logInfo(Log.java:13)] - Navigating to: https://feb-ui-hackathon-bbfd38d67ea9.herokuapp.com/
2025-03-02 11:21:40.596 INFO [main] [utilities.Log.logInfo(Log.java:13)] - The LMS page title is LMS
2025-03-02 11:21:40.598 INFO [main] [utilities.Log.logInfo(Log.java:13)] - Screenshots for failed
2025-03-02 11:21:40.599 INFO [main] [utilities.Log.logInfo(Log.java:13)] - Closing WebDriver
2025-03-02 11:21:49.058 INFO [main] [utilities.Log.logInfo(Log.java:13)] - Initializing WebDriver
2025-03-02 11:21:49.060 INFO [main] [utilities.Log.logInfo(Log.java:13)] - Navigating to: https://feb-ui-hackathon-bbfd38d67ea9.herokuapp.com/
2025-03-02 11:22:04.732 INFO [main] [utilities.Log.logInfo(Log.java:13)] - Page Title :LMS
2025-03-02 11:22:26.452 INFO [main] [pageObjects.ProgramPage.fillProgramForm(ProgramPage.java:169)] - Program data from excel --{=, ProgramDescription=Advanced level SAP, ProgramName=technoTribeProg, testcase=validInputData, ProgramStatus=Active}
2025-03-02 11:22:26.452 INFO [main] [pageObjects.ProgramPage.fillProgramForm(ProgramPage.java:180)] - Program Name Input :technoTribeProgvgb
2025-03-02 11:22:32.576 INFO [main] [utilities.Log.logInfo(Log.java:13)] - Toast Message >>Successful
2025-03-02 11:22:32.577 INFO [main] [utilities.Log.logInfo(Log.java:13)] - Screenshots for failed
2025-03-02 11:22:32.577 INFO [main] [utilities.Log.logInfo(Log.java:13)] - Closing WebDriver
2025-03-02 11:22:40.427 INFO [main] [utilities.Log.logInfo(Log.java:13)] - Initializing WebDriver
2025-03-02 11:22:40.427 INFO [main] [utilities.Log.logInfo(Log.java:13)] - Navigating to: https://feb-ui-hackathon-bbfd38d67ea9.herokuapp.com/
2025-03-02 11:23:21.763 INFO [main] [pageObjects.ProgramPage.verifySearchResultProgramName(ProgramPage.java:423)] - Search result >>technoTribeProgvgb
2025-03-02 11:23:21.763 INFO [main] [pageObjects.ProgramPage.verifySearchResultProgramName(ProgramPage.java:424)] - Search result validation passed: technoTribeProgvgb
2025-03-02 11:23:21.764 INFO [main] [utilities.Log.logInfo(Log.java:13)] - Screenshots for failed
2025-03-02 11:23:21.765 INFO [main] [utilities.Log.logInfo(Log.java:13)] - Closing WebDriver
2025-03-02 11:23:29.917 INFO [main] [utilities.Log.logInfo(Log.java:13)] - Initializing WebDriver
2025-03-02 11:23:29.920 INFO [main] [utilities.Log.logInfo(Log.java:13)] - Navigating to: https://feb-ui-hackathon-bbfd38d67ea9.herokuapp.com/
2025-03-02 11:24:04.693 INFO [main] [utilities.Log.logInfo(Log.java:13)] - ProgramName at run time received in line 235 in ProgramPage = technoTribeProgvgb
2025-03-02 11:24:09.464 INFO [main] [pageObjects.ProgramPage.editTheProgramAndClickSave(ProgramPage.java:234)] - Program name to update from excel >>editprogtest
2025-03-02 11:24:15.581 INFO [main] [utilities.Log.logInfo(Log.java:13)] - Toast Message >>Successful
2025-03-02 11:24:16.720 INFO [main] [pageObjects.ProgramPage.verifyUpdatedProgramDetails(ProgramPage.java:451)] - Search result Name >>editprogtestoqc
2025-03-02 11:24:16.721 INFO [main] [pageObjects.ProgramPage.verifyUpdatedProgramDetails(ProgramPage.java:452)] - Search result Desc >>Advanced level Java
2025-03-02 11:24:16.721 INFO [main] [pageObjects.ProgramPage.verifyUpdatedProgramDetails(ProgramPage.java:453)] - Search result validation passed: 
2025-03-02 11:24:16.721 INFO [main] [utilities.Log.logInfo(Log.java:13)] - Screenshots for failed
2025-03-02 11:24:16.721 INFO [main] [utilities.Log.logInfo(Log.java:13)] - Closing WebDriver
2025-03-02 11:24:24.776 INFO [main] [utilities.Log.logInfo(Log.java:13)] - Initializing WebDriver
2025-03-02 11:24:24.778 INFO [main] [utilities.Log.logInfo(Log.java:13)] - Navigating to: https://feb-ui-hackathon-bbfd38d67ea9.herokuapp.com/
2025-03-02 11:25:17.925 INFO [main] [utilities.Log.logInfo(Log.java:13)] - Admin is on ManageBatch page
2025-03-02 11:25:18.447 INFO [main] [utilities.Log.logInfo(Log.java:13)] - Screenshots for failed
2025-03-02 11:25:18.447 INFO [main] [utilities.Log.logInfo(Log.java:13)] - Closing WebDriver
2025-03-02 11:25:27.372 INFO [main] [utilities.Log.logInfo(Log.java:13)] - Initializing WebDriver
2025-03-02 11:25:27.374 INFO [main] [utilities.Log.logInfo(Log.java:13)] - Navigating to: https://feb-ui-hackathon-bbfd38d67ea9.herokuapp.com/
2025-03-02 11:26:03.195 INFO [main] [utilities.Log.logInfo(Log.java:13)] - Screenshots for failed
2025-03-02 11:26:03.196 INFO [main] [utilities.Log.logInfo(Log.java:13)] - Closing WebDriver
2025-03-02 11:26:11.227 INFO [main] [utilities.Log.logInfo(Log.java:13)] - Initializing WebDriver
2025-03-02 11:26:11.228 INFO [main] [utilities.Log.logInfo(Log.java:13)] - Navigating to: https://feb-ui-hackathon-bbfd38d67ea9.herokuapp.com/
2025-03-02 11:26:49.869 INFO [main] [utilities.Log.logInfo(Log.java:13)] - Screenshots for failed
2025-03-02 11:26:49.870 INFO [main] [utilities.Log.logInfo(Log.java:13)] - Closing WebDriver
2025-03-02 11:26:58.022 INFO [main] [utilities.Log.logInfo(Log.java:13)] - Initializing WebDriver
2025-03-02 11:26:58.023 INFO [main] [utilities.Log.logInfo(Log.java:13)] - Navigating to: https://feb-ui-hackathon-bbfd38d67ea9.herokuapp.com/
2025-03-02 11:27:37.847 INFO [main] [utilities.Log.logInfo(Log.java:13)] - Screenshots for failed
2025-03-02 11:27:37.853 INFO [main] [utilities.Log.logInfo(Log.java:13)] - Closing WebDriver
2025-03-02 11:27:46.367 INFO [main] [utilities.Log.logInfo(Log.java:13)] - Initializing WebDriver
2025-03-02 11:27:46.369 INFO [main] [utilities.Log.logInfo(Log.java:13)] - Navigating to: https://feb-ui-hackathon-bbfd38d67ea9.herokuapp.com/
2025-03-02 11:28:30.692 INFO [main] [utilities.Log.logInfo(Log.java:13)] - Screenshots for failed
2025-03-02 11:28:30.693 INFO [main] [utilities.Log.logInfo(Log.java:13)] - Closing WebDriver
2025-03-02 11:28:38.915 INFO [main] [utilities.Log.logInfo(Log.java:13)] - Initializing WebDriver
2025-03-02 11:28:38.916 INFO [main] [utilities.Log.logInfo(Log.java:13)] - Navigating to: https://feb-ui-hackathon-bbfd38d67ea9.herokuapp.com/
2025-03-02 11:29:18.551 INFO [main] [utilities.Log.logInfo(Log.java:13)] - Screenshots for failed
2025-03-02 11:29:18.553 INFO [main] [utilities.Log.logInfo(Log.java:13)] - Closing WebDriver
2025-03-02 11:29:26.559 INFO [main] [utilities.Log.logInfo(Log.java:13)] - Initializing WebDriver
2025-03-02 11:29:26.560 INFO [main] [utilities.Log.logInfo(Log.java:13)] - Navigating to: https://feb-ui-hackathon-bbfd38d67ea9.herokuapp.com/
2025-03-02 11:30:03.243 INFO [main] [utilities.Log.logInfo(Log.java:13)] - Screenshots for failed
2025-03-02 11:30:03.244 INFO [main] [utilities.Log.logInfo(Log.java:13)] - Closing WebDriver
2025-03-02 11:30:11.034 INFO [main] [utilities.Log.logInfo(Log.java:13)] - Initializing WebDriver
2025-03-02 11:30:11.035 INFO [main] [utilities.Log.logInfo(Log.java:13)] - Navigating to: https://feb-ui-hackathon-bbfd38d67ea9.herokuapp.com/
2025-03-02 11:30:45.495 INFO [main] [utilities.Log.logInfo(Log.java:13)] - Screenshots for failed
2025-03-02 11:30:45.496 INFO [main] [utilities.Log.logInfo(Log.java:13)] - Closing WebDriver
2025-03-02 11:30:52.591 INFO [main] [utilities.Log.logInfo(Log.java:13)] - Initializing WebDriver
2025-03-02 11:30:52.592 INFO [main] [utilities.Log.logInfo(Log.java:13)] - Navigating to: https://feb-ui-hackathon-bbfd38d67ea9.herokuapp.com/
2025-03-02 11:31:27.030 INFO [main] [utilities.Log.logInfo(Log.java:13)] - Screenshots for failed
2025-03-02 11:31:27.031 INFO [main] [utilities.Log.logInfo(Log.java:13)] - Closing WebDriver
2025-03-02 11:31:34.807 INFO [main] [utilities.Log.logInfo(Log.java:13)] - Initializing WebDriver
2025-03-02 11:31:34.808 INFO [main] [utilities.Log.logInfo(Log.java:13)] - Navigating to: https://feb-ui-hackathon-bbfd38d67ea9.herokuapp.com/
2025-03-02 11:32:09.660 INFO [main] [utilities.Log.logInfo(Log.java:13)] - Screenshots for failed
2025-03-02 11:32:09.661 INFO [main] [utilities.Log.logInfo(Log.java:13)] - Closing WebDriver
2025-03-02 11:32:17.263 INFO [main] [utilities.Log.logInfo(Log.java:13)] - Initializing WebDriver
2025-03-02 11:32:17.264 INFO [main] [utilities.Log.logInfo(Log.java:13)] - Navigating to: https://feb-ui-hackathon-bbfd38d67ea9.herokuapp.com/
2025-03-02 11:32:52.438 INFO [main] [utilities.Log.logInfo(Log.java:13)] - Screenshots for failed
2025-03-02 11:32:52.438 INFO [main] [utilities.Log.logInfo(Log.java:13)] - Closing WebDriver
2025-03-02 11:32:59.293 INFO [main] [utilities.Log.logInfo(Log.java:13)] - Initializing WebDriver
2025-03-02 11:32:59.294 INFO [main] [utilities.Log.logInfo(Log.java:13)] - Navigating to: https://feb-ui-hackathon-bbfd38d67ea9.herokuapp.com/
2025-03-02 11:33:37.832 INFO [main] [utilities.Log.logInfo(Log.java:13)] - Screenshots for failed
2025-03-02 11:33:37.837 INFO [main] [utilities.Log.logInfo(Log.java:13)] - Closing WebDriver
2025-03-02 11:33:45.469 INFO [main] [utilities.Log.logInfo(Log.java:13)] - Initializing WebDriver
2025-03-02 11:33:45.469 INFO [main] [utilities.Log.logInfo(Log.java:13)] - Navigating to: https://feb-ui-hackathon-bbfd38d67ea9.herokuapp.com/
2025-03-02 11:34:27.366 INFO [main] [utilities.Log.logInfo(Log.java:13)] - Screenshots for failed
2025-03-02 11:34:27.367 INFO [main] [utilities.Log.logInfo(Log.java:13)] - Closing WebDriver
2025-03-02 11:34:36.123 INFO [main] [utilities.Log.logInfo(Log.java:13)] - Initializing WebDriver
2025-03-02 11:34:36.124 INFO [main] [utilities.Log.logInfo(Log.java:13)] - Navigating to: https://feb-ui-hackathon-bbfd38d67ea9.herokuapp.com/
2025-03-02 11:35:16.546 INFO [main] [utilities.Log.logInfo(Log.java:13)] - Screenshots for failed
2025-03-02 11:35:16.547 INFO [main] [utilities.Log.logInfo(Log.java:13)] - Closing WebDriver
2025-03-02 11:35:24.467 INFO [main] [utilities.Log.logInfo(Log.java:13)] - Initializing WebDriver
2025-03-02 11:35:24.467 INFO [main] [utilities.Log.logInfo(Log.java:13)] - Navigating to: https://feb-ui-hackathon-bbfd38d67ea9.herokuapp.com/
2025-03-02 11:36:04.331 INFO [main] [utilities.Log.logInfo(Log.java:13)] - Screenshots for failed
2025-03-02 11:36:04.332 INFO [main] [utilities.Log.logInfo(Log.java:13)] - Closing WebDriver
2025-03-02 11:36:12.289 INFO [main] [utilities.Log.logInfo(Log.java:13)] - Initializing WebDriver
2025-03-02 11:36:12.291 INFO [main] [utilities.Log.logInfo(Log.java:13)] - Navigating to: https://feb-ui-hackathon-bbfd38d67ea9.herokuapp.com/
2025-03-02 11:36:52.823 INFO [main] [utilities.Log.logInfo(Log.java:13)] - Screenshots for failed
2025-03-02 11:36:52.823 INFO [main] [utilities.Log.logInfo(Log.java:13)] - Closing WebDriver
2025-03-02 11:37:00.704 INFO [main] [utilities.Log.logInfo(Log.java:13)] - Initializing WebDriver
2025-03-02 11:37:00.705 INFO [main] [utilities.Log.logInfo(Log.java:13)] - Navigating to: https://feb-ui-hackathon-bbfd38d67ea9.herokuapp.com/
2025-03-02 11:37:40.139 INFO [main] [utilities.Log.logInfo(Log.java:13)] - Screenshots for failed
2025-03-02 11:37:40.140 INFO [main] [utilities.Log.logInfo(Log.java:13)] - Closing WebDriver
2025-03-02 11:37:48.092 INFO [main] [utilities.Log.logInfo(Log.java:13)] - Initializing WebDriver
2025-03-02 11:37:48.094 INFO [main] [utilities.Log.logInfo(Log.java:13)] - Navigating to: https://feb-ui-hackathon-bbfd38d67ea9.herokuapp.com/
2025-03-02 11:38:27.574 INFO [main] [utilities.Log.logInfo(Log.java:13)] - Screenshots for failed
2025-03-02 11:38:27.574 INFO [main] [utilities.Log.logInfo(Log.java:13)] - Closing WebDriver
2025-03-02 11:38:35.372 INFO [main] [utilities.Log.logInfo(Log.java:13)] - Initializing WebDriver
2025-03-02 11:38:35.372 INFO [main] [utilities.Log.logInfo(Log.java:13)] - Navigating to: https://feb-ui-hackathon-bbfd38d67ea9.herokuapp.com/
2025-03-02 11:39:15.877 INFO [main] [utilities.Log.logInfo(Log.java:13)] - Screenshots for failed
2025-03-02 11:39:15.877 INFO [main] [utilities.Log.logInfo(Log.java:13)] - Closing WebDriver
2025-03-02 11:39:23.987 INFO [main] [utilities.Log.logInfo(Log.java:13)] - Initializing WebDriver
2025-03-02 11:39:23.988 INFO [main] [utilities.Log.logInfo(Log.java:13)] - Navigating to: https://feb-ui-hackathon-bbfd38d67ea9.herokuapp.com/
2025-03-02 11:40:02.457 INFO [main] [utilities.Log.logInfo(Log.java:13)] - ProgramName at run time received in line 193 in EditProgramPage = editprogtestoqc
2025-03-02 11:40:05.509 INFO [main] [utilities.Log.logInfo(Log.java:13)] - Option Section is visible
2025-03-02 11:40:05.557 INFO [main] [utilities.Log.logInfo(Log.java:13)] - Option is found
2025-03-02 11:40:08.046 INFO [main] [utilities.Log.logInfo(Log.java:13)] - Screenshots for failed
2025-03-02 11:40:08.047 INFO [main] [utilities.Log.logInfo(Log.java:13)] - Closing WebDriver
2025-03-02 11:40:16.385 INFO [main] [utilities.Log.logInfo(Log.java:13)] - Initializing WebDriver
2025-03-02 11:40:16.386 INFO [main] [utilities.Log.logInfo(Log.java:13)] - Navigating to: https://feb-ui-hackathon-bbfd38d67ea9.herokuapp.com/
2025-03-02 11:40:58.432 INFO [main] [utilities.Log.logInfo(Log.java:13)] - ProgramName at run time received in line 193 in EditProgramPage = editprogtestoqc
2025-03-02 11:41:01.460 INFO [main] [utilities.Log.logInfo(Log.java:13)] - Option Section is visible
2025-03-02 11:41:01.498 INFO [main] [utilities.Log.logInfo(Log.java:13)] - Option is found
2025-03-02 11:41:19.102 INFO [main] [utilities.Log.logInfo(Log.java:13)] - Batch created successfully - Successful
2025-03-02 11:41:19.102 INFO [main] [utilities.Log.logInfo(Log.java:13)] - BatchName_Mandatory: editprogtestoqc135
2025-03-02 11:41:19.801 INFO [main] [utilities.Log.logInfo(Log.java:13)] - Batch created successfully
2025-03-02 11:41:19.802 INFO [main] [utilities.Log.logInfo(Log.java:13)] - Screenshots for failed
2025-03-02 11:41:19.802 INFO [main] [utilities.Log.logInfo(Log.java:13)] - Closing WebDriver
2025-03-02 11:41:27.019 INFO [main] [utilities.Log.logInfo(Log.java:13)] - Initializing WebDriver
2025-03-02 11:41:27.020 INFO [main] [utilities.Log.logInfo(Log.java:13)] - Navigating to: https://feb-ui-hackathon-bbfd38d67ea9.herokuapp.com/
2025-03-02 11:42:09.804 INFO [main] [utilities.Log.logInfo(Log.java:13)] - Option Section is visible
2025-03-02 11:43:05.742 INFO [main] [utilities.Log.logInfo(Log.java:13)] - Error: Program Name is required.
2025-03-02 11:43:06.087 INFO [main] [utilities.Log.logInfo(Log.java:13)] - Screenshots for failed
2025-03-02 11:43:06.087 INFO [main] [utilities.Log.logInfo(Log.java:13)] - Closing WebDriver
2025-03-02 11:43:13.200 INFO [main] [utilities.Log.logInfo(Log.java:13)] - Initializing WebDriver
2025-03-02 11:43:13.201 INFO [main] [utilities.Log.logInfo(Log.java:13)] - Navigating to: https://feb-ui-hackathon-bbfd38d67ea9.herokuapp.com/
2025-03-02 11:43:52.411 INFO [main] [utilities.Log.logInfo(Log.java:13)] - ProgramName at run time received in line 193 in EditProgramPage = editprogtestoqc
2025-03-02 11:43:55.493 INFO [main] [utilities.Log.logInfo(Log.java:13)] - Option Section is visible
2025-03-02 11:43:55.546 INFO [main] [utilities.Log.logInfo(Log.java:13)] - Option is found
2025-03-02 11:44:20.750 INFO [main] [utilities.Log.logInfo(Log.java:13)] - Error: Batch Name is required.
2025-03-02 11:44:21.014 INFO [main] [utilities.Log.logInfo(Log.java:13)] - Screenshots for failed
2025-03-02 11:44:21.014 INFO [main] [utilities.Log.logInfo(Log.java:13)] - Closing WebDriver
2025-03-02 11:44:28.435 INFO [main] [utilities.Log.logInfo(Log.java:13)] - Initializing WebDriver
2025-03-02 11:44:28.436 INFO [main] [utilities.Log.logInfo(Log.java:13)] - Navigating to: https://feb-ui-hackathon-bbfd38d67ea9.herokuapp.com/
2025-03-02 11:45:09.782 INFO [main] [utilities.Log.logInfo(Log.java:13)] - ProgramName at run time received in line 193 in EditProgramPage = editprogtestoqc
2025-03-02 11:45:12.827 INFO [main] [utilities.Log.logInfo(Log.java:13)] - Option Section is visible
2025-03-02 11:45:12.875 INFO [main] [utilities.Log.logInfo(Log.java:13)] - Option is found
2025-03-02 11:45:37.367 INFO [main] [utilities.Log.logInfo(Log.java:13)] - Error: Batch Description is required.
2025-03-02 11:45:37.650 INFO [main] [utilities.Log.logInfo(Log.java:13)] - Screenshots for failed
2025-03-02 11:45:37.650 INFO [main] [utilities.Log.logInfo(Log.java:13)] - Closing WebDriver
2025-03-02 11:45:44.756 INFO [main] [utilities.Log.logInfo(Log.java:13)] - Initializing WebDriver
2025-03-02 11:45:44.756 INFO [main] [utilities.Log.logInfo(Log.java:13)] - Navigating to: https://feb-ui-hackathon-bbfd38d67ea9.herokuapp.com/
2025-03-02 11:46:24.355 INFO [main] [utilities.Log.logInfo(Log.java:13)] - ProgramName at run time received in line 193 in EditProgramPage = editprogtestoqc
2025-03-02 11:46:27.446 INFO [main] [utilities.Log.logInfo(Log.java:13)] - Option Section is visible
2025-03-02 11:46:27.491 INFO [main] [utilities.Log.logInfo(Log.java:13)] - Option is found
2025-03-02 11:46:41.908 INFO [main] [utilities.Log.logInfo(Log.java:13)] - NoOfClasses is missing or empty. Skipping input.
2025-03-02 11:46:52.820 INFO [main] [utilities.Log.logInfo(Log.java:13)] - Error: Number of classes is required.
2025-03-02 11:46:53.076 INFO [main] [utilities.Log.logInfo(Log.java:13)] - Screenshots for failed
2025-03-02 11:46:53.076 INFO [main] [utilities.Log.logInfo(Log.java:13)] - Closing WebDriver
2025-03-02 11:47:00.274 INFO [main] [utilities.Log.logInfo(Log.java:13)] - Initializing WebDriver
2025-03-02 11:47:00.275 INFO [main] [utilities.Log.logInfo(Log.java:13)] - Navigating to: https://feb-ui-hackathon-bbfd38d67ea9.herokuapp.com/
2025-03-02 11:47:39.608 INFO [main] [utilities.Log.logInfo(Log.java:13)] - ProgramName at run time received in line 193 in EditProgramPage = editprogtestoqc
2025-03-02 11:47:42.633 INFO [main] [utilities.Log.logInfo(Log.java:13)] - Option Section is visible
2025-03-02 11:47:42.670 INFO [main] [utilities.Log.logInfo(Log.java:13)] - Option is found
2025-03-02 11:47:59.582 INFO [main] [utilities.Log.logInfo(Log.java:13)] - Batch created successfully - chaining
2025-03-02 11:47:59.583 INFO [main] [utilities.Log.logInfo(Log.java:13)] - BatchName_All: editprogtestoqc63
2025-03-02 11:48:00.100 INFO [main] [utilities.Log.logInfo(Log.java:13)] - Batch created successfully
2025-03-02 11:48:00.101 INFO [main] [utilities.Log.logInfo(Log.java:13)] - Screenshots for failed
2025-03-02 11:48:00.101 INFO [main] [utilities.Log.logInfo(Log.java:13)] - Closing WebDriver
2025-03-02 11:48:06.703 INFO [main] [utilities.Log.logInfo(Log.java:13)] - Initializing WebDriver
2025-03-02 11:48:06.704 INFO [main] [utilities.Log.logInfo(Log.java:13)] - Navigating to: https://feb-ui-hackathon-bbfd38d67ea9.herokuapp.com/
2025-03-02 11:48:44.674 INFO [main] [utilities.Log.logInfo(Log.java:13)] - ProgramName at run time received in line 193 in EditProgramPage = editprogtestoqc
2025-03-02 11:48:47.696 INFO [main] [utilities.Log.logInfo(Log.java:13)] - Option Section is visible
2025-03-02 11:48:47.737 INFO [main] [utilities.Log.logInfo(Log.java:13)] - Option is found
2025-03-02 11:48:49.665 INFO [main] [utilities.Log.logInfo(Log.java:13)] - Screenshots for failed
2025-03-02 11:48:50.364 INFO [main] [utilities.Log.logInfo(Log.java:13)] - Closing WebDriver
2025-03-02 11:48:57.791 INFO [main] [utilities.Log.logInfo(Log.java:13)] - Initializing WebDriver
2025-03-02 11:48:57.791 INFO [main] [utilities.Log.logInfo(Log.java:13)] - Navigating to: https://feb-ui-hackathon-bbfd38d67ea9.herokuapp.com/
2025-03-02 11:49:39.804 INFO [main] [utilities.Log.logInfo(Log.java:13)] - ProgramName at run time received in line 193 in EditProgramPage = editprogtestoqc
2025-03-02 11:49:42.837 INFO [main] [utilities.Log.logInfo(Log.java:13)] - Option Section is visible
2025-03-02 11:49:42.886 INFO [main] [utilities.Log.logInfo(Log.java:13)] - Option is found
2025-03-02 11:49:59.043 INFO [main] [utilities.Log.logInfo(Log.java:13)] - Screenshots for failed
2025-03-02 11:49:59.043 INFO [main] [utilities.Log.logInfo(Log.java:13)] - Closing WebDriver
2025-03-02 11:50:05.808 INFO [main] [utilities.Log.logInfo(Log.java:13)] - Initializing WebDriver
2025-03-02 11:50:05.809 INFO [main] [utilities.Log.logInfo(Log.java:13)] - Navigating to: https://feb-ui-hackathon-bbfd38d67ea9.herokuapp.com/
2025-03-02 11:50:45.592 INFO [main] [utilities.Log.logInfo(Log.java:13)] - Screenshots for failed
2025-03-02 11:50:45.593 INFO [main] [utilities.Log.logInfo(Log.java:13)] - Closing WebDriver
2025-03-02 11:50:53.352 INFO [main] [utilities.Log.logInfo(Log.java:13)] - Initializing WebDriver
2025-03-02 11:50:53.352 INFO [main] [utilities.Log.logInfo(Log.java:13)] - Navigating to: https://feb-ui-hackathon-bbfd38d67ea9.herokuapp.com/
2025-03-02 11:51:38.722 INFO [main] [utilities.Log.logInfo(Log.java:13)] - Screenshots for failed
2025-03-02 11:51:38.723 INFO [main] [utilities.Log.logInfo(Log.java:13)] - Closing WebDriver
2025-03-02 11:51:46.748 INFO [main] [utilities.Log.logInfo(Log.java:13)] - Initializing WebDriver
2025-03-02 11:51:46.749 INFO [main] [utilities.Log.logInfo(Log.java:13)] - Navigating to: https://feb-ui-hackathon-bbfd38d67ea9.herokuapp.com/
2025-03-02 11:52:27.586 INFO [main] [utilities.Log.logInfo(Log.java:13)] - Screenshots for failed
2025-03-02 11:52:27.593 INFO [main] [utilities.Log.logInfo(Log.java:13)] - Closing WebDriver
2025-03-02 11:52:37.398 INFO [main] [utilities.Log.logInfo(Log.java:13)] - Initializing WebDriver
2025-03-02 11:52:37.423 INFO [main] [utilities.Log.logInfo(Log.java:13)] - Navigating to: https://feb-ui-hackathon-bbfd38d67ea9.herokuapp.com/
2025-03-02 11:53:16.151 INFO [main] [utilities.Log.logInfo(Log.java:13)] - Screenshots for failed
2025-03-02 11:53:16.151 INFO [main] [utilities.Log.logInfo(Log.java:13)] - Closing WebDriver
2025-03-02 11:53:24.527 INFO [main] [utilities.Log.logInfo(Log.java:13)] - Initializing WebDriver
2025-03-02 11:53:24.528 INFO [main] [utilities.Log.logInfo(Log.java:13)] - Navigating to: https://feb-ui-hackathon-bbfd38d67ea9.herokuapp.com/
2025-03-02 11:54:33.423 INFO [main] [utilities.Log.logInfo(Log.java:13)] - Error: This field should start with an alphabet and min 2 character.
2025-03-02 11:54:33.656 INFO [main] [utilities.Log.logInfo(Log.java:13)] - Screenshots for failed
2025-03-02 11:54:33.656 INFO [main] [utilities.Log.logInfo(Log.java:13)] - Closing WebDriver
2025-03-02 11:54:41.030 INFO [main] [utilities.Log.logInfo(Log.java:13)] - Initializing WebDriver
2025-03-02 11:54:41.031 INFO [main] [utilities.Log.logInfo(Log.java:13)] - Navigating to: https://feb-ui-hackathon-bbfd38d67ea9.herokuapp.com/
2025-03-02 11:55:22.319 INFO [main] [utilities.Log.logInfo(Log.java:13)] - Screenshots for failed
2025-03-02 11:55:23.177 INFO [main] [utilities.Log.logInfo(Log.java:13)] - Closing WebDriver
2025-03-02 11:55:31.228 INFO [main] [utilities.Log.logInfo(Log.java:13)] - Initializing WebDriver
2025-03-02 11:55:31.229 INFO [main] [utilities.Log.logInfo(Log.java:13)] - Navigating to: https://feb-ui-hackathon-bbfd38d67ea9.herokuapp.com/
2025-03-02 11:56:31.802 INFO [main] [utilities.Log.logInfo(Log.java:13)] - Screenshots for failed
2025-03-02 11:56:31.803 INFO [main] [utilities.Log.logInfo(Log.java:13)] - Closing WebDriver
2025-03-02 11:56:38.673 INFO [main] [utilities.Log.logInfo(Log.java:13)] - Initializing WebDriver
2025-03-02 11:56:38.673 INFO [main] [utilities.Log.logInfo(Log.java:13)] - Navigating to: https://feb-ui-hackathon-bbfd38d67ea9.herokuapp.com/
2025-03-02 11:57:15.932 INFO [main] [utilities.Log.logInfo(Log.java:13)] - Screenshots for failed
2025-03-02 11:57:16.860 INFO [main] [utilities.Log.logInfo(Log.java:13)] - Closing WebDriver
2025-03-02 11:57:25.765 INFO [main] [utilities.Log.logInfo(Log.java:13)] - Initializing WebDriver
2025-03-02 11:57:25.766 INFO [main] [utilities.Log.logInfo(Log.java:13)] - Navigating to: https://feb-ui-hackathon-bbfd38d67ea9.herokuapp.com/
2025-03-02 11:58:03.395 INFO [main] [utilities.Log.logInfo(Log.java:13)] - Screenshots for failed
2025-03-02 11:58:03.396 INFO [main] [utilities.Log.logInfo(Log.java:13)] - Closing WebDriver
2025-03-02 11:58:11.927 INFO [main] [utilities.Log.logInfo(Log.java:13)] - Initializing WebDriver
2025-03-02 11:58:11.927 INFO [main] [utilities.Log.logInfo(Log.java:13)] - Navigating to: https://feb-ui-hackathon-bbfd38d67ea9.herokuapp.com/
2025-03-02 11:58:50.421 INFO [main] [utilities.Log.logInfo(Log.java:13)] - Batch deleted successfully
2025-03-02 11:58:50.423 INFO [main] [utilities.Log.logInfo(Log.java:13)] - Screenshots for failed
2025-03-02 11:58:50.423 INFO [main] [utilities.Log.logInfo(Log.java:13)] - Closing WebDriver
2025-03-02 11:58:58.366 INFO [main] [utilities.Log.logInfo(Log.java:13)] - Initializing WebDriver
2025-03-02 11:58:58.367 INFO [main] [utilities.Log.logInfo(Log.java:13)] - Navigating to: https://feb-ui-hackathon-bbfd38d67ea9.herokuapp.com/
2025-03-02 11:59:39.218 INFO [main] [utilities.Log.logInfo(Log.java:13)] - Screenshots for failed
2025-03-02 11:59:39.219 INFO [main] [utilities.Log.logInfo(Log.java:13)] - Closing WebDriver
2025-03-02 11:59:47.463 INFO [main] [utilities.Log.logInfo(Log.java:13)] - Initializing WebDriver
2025-03-02 11:59:47.464 INFO [main] [utilities.Log.logInfo(Log.java:13)] - Navigating to: https://feb-ui-hackathon-bbfd38d67ea9.herokuapp.com/
2025-03-02 12:00:25.566 INFO [main] [utilities.Log.logInfo(Log.java:13)] - Screenshots for failed
2025-03-02 12:00:25.568 INFO [main] [utilities.Log.logInfo(Log.java:13)] - Closing WebDriver
2025-03-02 12:00:33.436 INFO [main] [utilities.Log.logInfo(Log.java:13)] - Initializing WebDriver
2025-03-02 12:00:33.438 INFO [main] [utilities.Log.logInfo(Log.java:13)] - Navigating to: https://feb-ui-hackathon-bbfd38d67ea9.herokuapp.com/
2025-03-02 12:01:18.547 INFO [main] [utilities.Log.logInfo(Log.java:13)] - Screenshots for failed
2025-03-02 12:01:18.547 INFO [main] [utilities.Log.logInfo(Log.java:13)] - Closing WebDriver
2025-03-02 12:01:25.458 INFO [main] [utilities.Log.logInfo(Log.java:13)] - Initializing WebDriver
2025-03-02 12:01:25.459 INFO [main] [utilities.Log.logInfo(Log.java:13)] - Navigating to: https://feb-ui-hackathon-bbfd38d67ea9.herokuapp.com/
2025-03-02 12:02:14.604 INFO [main] [utilities.Log.logInfo(Log.java:13)] - Screenshots for failed
2025-03-02 12:02:14.605 INFO [main] [utilities.Log.logInfo(Log.java:13)] - Closing WebDriver
2025-03-02 12:02:21.322 INFO [main] [utilities.Log.logInfo(Log.java:13)] - Initializing WebDriver
2025-03-02 12:02:21.323 INFO [main] [utilities.Log.logInfo(Log.java:13)] - Navigating to: https://feb-ui-hackathon-bbfd38d67ea9.herokuapp.com/
2025-03-02 12:03:00.005 INFO [main] [utilities.Log.logInfo(Log.java:13)] - Screenshots for failed
2025-03-02 12:03:00.010 INFO [main] [utilities.Log.logInfo(Log.java:13)] - Closing WebDriver
2025-03-02 12:03:07.772 INFO [main] [utilities.Log.logInfo(Log.java:13)] - Initializing WebDriver
2025-03-02 12:03:07.773 INFO [main] [utilities.Log.logInfo(Log.java:13)] - Navigating to: https://feb-ui-hackathon-bbfd38d67ea9.herokuapp.com/
2025-03-02 12:03:47.611 INFO [main] [utilities.Log.logInfo(Log.java:13)] - Screenshots for failed
2025-03-02 12:03:47.611 INFO [main] [utilities.Log.logInfo(Log.java:13)] - Closing WebDriver
2025-03-02 12:03:55.564 INFO [main] [utilities.Log.logInfo(Log.java:13)] - Initializing WebDriver
2025-03-02 12:03:55.565 INFO [main] [utilities.Log.logInfo(Log.java:13)] - Navigating to: https://feb-ui-hackathon-bbfd38d67ea9.herokuapp.com/
2025-03-02 12:04:35.384 INFO [main] [utilities.Log.logInfo(Log.java:13)] - Screenshots for failed
2025-03-02 12:04:35.386 INFO [main] [utilities.Log.logInfo(Log.java:13)] - Closing WebDriver
2025-03-02 12:04:43.051 INFO [main] [utilities.Log.logInfo(Log.java:13)] - Initializing WebDriver
2025-03-02 12:04:43.052 INFO [main] [utilities.Log.logInfo(Log.java:13)] - Navigating to: https://feb-ui-hackathon-bbfd38d67ea9.herokuapp.com/
2025-03-02 12:05:19.631 INFO [main] [utilities.Log.logInfo(Log.java:13)] - Screenshots for failed
2025-03-02 12:05:19.636 INFO [main] [utilities.Log.logInfo(Log.java:13)] - Closing WebDriver
2025-03-02 12:05:26.746 INFO [main] [utilities.Log.logInfo(Log.java:13)] - Initializing WebDriver
2025-03-02 12:05:26.747 INFO [main] [utilities.Log.logInfo(Log.java:13)] - Navigating to: https://feb-ui-hackathon-bbfd38d67ea9.herokuapp.com/
2025-03-02 12:06:07.963 INFO [main] [utilities.Log.logInfo(Log.java:13)] - Screenshots for failed
2025-03-02 12:06:07.964 INFO [main] [utilities.Log.logInfo(Log.java:13)] - Closing WebDriver
2025-03-02 12:06:17.346 INFO [main] [utilities.Log.logInfo(Log.java:13)] - Initializing WebDriver
2025-03-02 12:06:17.347 INFO [main] [utilities.Log.logInfo(Log.java:13)] - Navigating to: https://feb-ui-hackathon-bbfd38d67ea9.herokuapp.com/
2025-03-02 12:06:56.011 INFO [main] [utilities.Log.logInfo(Log.java:13)] - Screenshots for failed
2025-03-02 12:06:56.012 INFO [main] [utilities.Log.logInfo(Log.java:13)] - Closing WebDriver
2025-03-02 12:07:04.226 INFO [main] [utilities.Log.logInfo(Log.java:13)] - Initializing WebDriver
2025-03-02 12:07:04.227 INFO [main] [utilities.Log.logInfo(Log.java:13)] - Navigating to: https://feb-ui-hackathon-bbfd38d67ea9.herokuapp.com/
2025-03-02 12:07:42.710 INFO [main] [utilities.Log.logInfo(Log.java:13)] - Screenshots for failed
2025-03-02 12:07:42.711 INFO [main] [utilities.Log.logInfo(Log.java:13)] - Closing WebDriver
2025-03-02 12:07:51.155 INFO [main] [utilities.Log.logInfo(Log.java:13)] - Initializing WebDriver
2025-03-02 12:07:51.158 INFO [main] [utilities.Log.logInfo(Log.java:13)] - Navigating to: https://feb-ui-hackathon-bbfd38d67ea9.herokuapp.com/
2025-03-02 12:08:29.140 INFO [main] [utilities.Log.logInfo(Log.java:13)] - Screenshots for failed
2025-03-02 12:08:29.141 INFO [main] [utilities.Log.logInfo(Log.java:13)] - Closing WebDriver
2025-03-02 12:08:37.312 INFO [main] [utilities.Log.logInfo(Log.java:13)] - Initializing WebDriver
2025-03-02 12:08:37.312 INFO [main] [utilities.Log.logInfo(Log.java:13)] - Navigating to: https://feb-ui-hackathon-bbfd38d67ea9.herokuapp.com/
2025-03-02 12:09:13.337 INFO [main] [utilities.Log.logInfo(Log.java:13)] - Screenshots for failed
2025-03-02 12:09:13.339 INFO [main] [utilities.Log.logInfo(Log.java:13)] - Closing WebDriver
2025-03-02 12:09:21.679 INFO [main] [utilities.Log.logInfo(Log.java:13)] - Initializing WebDriver
2025-03-02 12:09:21.679 INFO [main] [utilities.Log.logInfo(Log.java:13)] - Navigating to: https://feb-ui-hackathon-bbfd38d67ea9.herokuapp.com/
2025-03-02 12:10:03.356 INFO [main] [utilities.Log.logInfo(Log.java:13)] - Screenshots for failed
2025-03-02 12:10:03.357 INFO [main] [utilities.Log.logInfo(Log.java:13)] - Closing WebDriver
2025-03-02 12:10:11.527 INFO [main] [utilities.Log.logInfo(Log.java:13)] - Initializing WebDriver
2025-03-02 12:10:11.529 INFO [main] [utilities.Log.logInfo(Log.java:13)] - Navigating to: https://feb-ui-hackathon-bbfd38d67ea9.herokuapp.com/
2025-03-02 12:10:49.671 INFO [main] [utilities.Log.logInfo(Log.java:13)] - Screenshots for failed
2025-03-02 12:10:49.674 INFO [main] [utilities.Log.logInfo(Log.java:13)] - Closing WebDriver
2025-03-02 12:10:57.993 INFO [main] [utilities.Log.logInfo(Log.java:13)] - Initializing WebDriver
2025-03-02 12:10:57.994 INFO [main] [utilities.Log.logInfo(Log.java:13)] - Navigating to: https://feb-ui-hackathon-bbfd38d67ea9.herokuapp.com/
2025-03-02 12:11:38.279 INFO [main] [utilities.Log.logInfo(Log.java:13)] - Screenshots for failed
2025-03-02 12:11:38.280 INFO [main] [utilities.Log.logInfo(Log.java:13)] - Closing WebDriver
2025-03-02 12:11:46.162 INFO [main] [utilities.Log.logInfo(Log.java:13)] - Initializing WebDriver
2025-03-02 12:11:46.163 INFO [main] [utilities.Log.logInfo(Log.java:13)] - Navigating to: https://feb-ui-hackathon-bbfd38d67ea9.herokuapp.com/
2025-03-02 12:12:24.541 INFO [main] [utilities.Log.logInfo(Log.java:13)] - Screenshots for failed
2025-03-02 12:12:24.541 INFO [main] [utilities.Log.logInfo(Log.java:13)] - Closing WebDriver
2025-03-02 12:12:31.900 INFO [main] [utilities.Log.logInfo(Log.java:13)] - Initializing WebDriver
2025-03-02 12:12:31.902 INFO [main] [utilities.Log.logInfo(Log.java:13)] - Navigating to: https://feb-ui-hackathon-bbfd38d67ea9.herokuapp.com/
2025-03-02 12:13:11.155 INFO [main] [utilities.Log.logInfo(Log.java:13)] - Screenshots for failed
2025-03-02 12:13:11.156 INFO [main] [utilities.Log.logInfo(Log.java:13)] - Closing WebDriver
2025-03-02 12:13:19.533 INFO [main] [utilities.Log.logInfo(Log.java:13)] - Initializing WebDriver
2025-03-02 12:13:19.534 INFO [main] [utilities.Log.logInfo(Log.java:13)] - Navigating to: https://feb-ui-hackathon-bbfd38d67ea9.herokuapp.com/
2025-03-02 12:14:00.345 INFO [main] [utilities.Log.logInfo(Log.java:13)] - Screenshots for failed
2025-03-02 12:14:00.346 INFO [main] [utilities.Log.logInfo(Log.java:13)] - Closing WebDriver
2025-03-02 12:14:08.989 INFO [main] [utilities.Log.logInfo(Log.java:13)] - Initializing WebDriver
2025-03-02 12:14:08.991 INFO [main] [utilities.Log.logInfo(Log.java:13)] - Navigating to: https://feb-ui-hackathon-bbfd38d67ea9.herokuapp.com/
2025-03-02 12:14:25.430 INFO [main] [utilities.Log.logInfo(Log.java:13)] - Navigated to home page 
2025-03-02 12:15:21.474 INFO [main] [utilities.Log.logInfo(Log.java:13)] - batch name displayed:     true
2025-03-02 12:17:11.867 INFO [main] [utilities.Log.logInfo(Log.java:13)] - Screenshots for failed
2025-03-02 12:17:12.588 INFO [main] [utilities.Log.logInfo(Log.java:13)] - Closing WebDriver
2025-03-02 12:17:19.986 INFO [main] [utilities.Log.logInfo(Log.java:13)] - Initializing WebDriver
2025-03-02 12:17:19.986 INFO [main] [utilities.Log.logInfo(Log.java:13)] - Navigating to: https://feb-ui-hackathon-bbfd38d67ea9.herokuapp.com/
2025-03-02 12:17:55.537 INFO [main] [utilities.Log.logInfo(Log.java:13)] - Batch name is: editprogtestoqc63
2025-03-02 12:18:18.578 INFO [main] [utilities.Log.logInfo(Log.java:13)] - Batch name is: editprogtestoqc135
2025-03-02 12:18:41.424 INFO [main] [utilities.Log.logInfo(Log.java:13)] - Screenshots for failed
2025-03-02 12:18:41.424 INFO [main] [utilities.Log.logInfo(Log.java:13)] - Closing WebDriver
2025-03-02 12:18:48.816 INFO [main] [utilities.Log.logInfo(Log.java:13)] - Initializing WebDriver
2025-03-02 12:18:48.816 INFO [main] [utilities.Log.logInfo(Log.java:13)] - Navigating to: https://feb-ui-hackathon-bbfd38d67ea9.herokuapp.com/
2025-03-02 12:19:23.617 INFO [main] [pageObjects.ProgramPage.clickDeleteProgramBtn(ProgramPage.java:298)] - Program to be deleted >>>editprogtestoqc
2025-03-02 12:19:27.095 INFO [main] [utilities.Log.logInfo(Log.java:13)] - Toast Message >>Successful
2025-03-02 12:19:27.096 INFO [main] [utilities.Log.logInfo(Log.java:13)] - Screenshots for failed
2025-03-02 12:19:27.096 INFO [main] [utilities.Log.logInfo(Log.java:13)] - Closing WebDriver
2025-03-02 12:19:34.864 INFO [main] [utilities.Log.logInfo(Log.java:13)] - Initializing WebDriver
2025-03-02 12:19:34.864 INFO [main] [utilities.Log.logInfo(Log.java:13)] - Navigating to: https://feb-ui-hackathon-bbfd38d67ea9.herokuapp.com/
2025-03-02 12:20:08.420 INFO [main] [utilities.Log.logInfo(Log.java:13)] - Screenshots for failed
2025-03-02 12:20:08.421 INFO [main] [utilities.Log.logInfo(Log.java:13)] - Closing WebDriver
2025-03-02 15:34:11.873 INFO [TestNG-PoolService-2] [utilities.Log.logInfo(Log.java:13)] - Initializing WebDriver
2025-03-02 15:34:11.873 INFO [TestNG-PoolService-7] [utilities.Log.logInfo(Log.java:13)] - Initializing WebDriver
2025-03-02 15:34:11.872 INFO [TestNG-PoolService-9] [utilities.Log.logInfo(Log.java:13)] - Initializing WebDriver
2025-03-02 15:34:11.872 INFO [TestNG-PoolService-4] [utilities.Log.logInfo(Log.java:13)] - Initializing WebDriver
2025-03-02 15:34:11.872 INFO [TestNG-PoolService-5] [utilities.Log.logInfo(Log.java:13)] - Initializing WebDriver
2025-03-02 15:34:11.872 INFO [TestNG-PoolService-8] [utilities.Log.logInfo(Log.java:13)] - Initializing WebDriver
2025-03-02 15:34:11.873 INFO [TestNG-PoolService-6] [utilities.Log.logInfo(Log.java:13)] - Initializing WebDriver
2025-03-02 15:34:11.873 INFO [TestNG-PoolService-1] [utilities.Log.logInfo(Log.java:13)] - Initializing WebDriver
2025-03-02 15:34:11.873 INFO [TestNG-PoolService-3] [utilities.Log.logInfo(Log.java:13)] - Initializing WebDriver
2025-03-02 15:34:11.905 INFO [TestNG-PoolService-5] [utilities.Log.logInfo(Log.java:13)] - Screenshots for failed
2025-03-02 15:34:11.915 INFO [TestNG-PoolService-7] [utilities.Log.logInfo(Log.java:13)] - Screenshots for failed
2025-03-02 15:34:11.918 INFO [TestNG-PoolService-4] [utilities.Log.logInfo(Log.java:13)] - Screenshots for failed
2025-03-02 15:34:11.943 INFO [TestNG-PoolService-2] [utilities.Log.logInfo(Log.java:13)] - Screenshots for failed
2025-03-02 15:34:11.950 INFO [TestNG-PoolService-8] [utilities.Log.logInfo(Log.java:13)] - Screenshots for failed
2025-03-02 15:34:11.952 INFO [TestNG-PoolService-9] [utilities.Log.logInfo(Log.java:13)] - Screenshots for failed
2025-03-02 15:34:11.953 INFO [TestNG-PoolService-6] [utilities.Log.logInfo(Log.java:13)] - Screenshots for failed
2025-03-02 15:34:11.954 INFO [TestNG-PoolService-1] [utilities.Log.logInfo(Log.java:13)] - Screenshots for failed
2025-03-02 15:34:11.958 INFO [TestNG-PoolService-3] [utilities.Log.logInfo(Log.java:13)] - Screenshots for failed
2025-03-02 16:29:29.546 INFO [TestNG-PoolService-3] [utilities.Log.logInfo(Log.java:13)] - Initializing WebDriver
2025-03-02 16:29:29.547 INFO [TestNG-PoolService-9] [utilities.Log.logInfo(Log.java:13)] - Initializing WebDriver
2025-03-02 16:29:29.547 INFO [TestNG-PoolService-4] [utilities.Log.logInfo(Log.java:13)] - Initializing WebDriver
2025-03-02 16:29:29.546 INFO [TestNG-PoolService-8] [utilities.Log.logInfo(Log.java:13)] - Initializing WebDriver
2025-03-02 16:29:29.563 INFO [TestNG-PoolService-8] [utilities.Log.logInfo(Log.java:13)] - Navigating to: https://feb-ui-hackathon-bbfd38d67ea9.herokuapp.com/
2025-03-02 16:29:29.546 INFO [TestNG-PoolService-7] [utilities.Log.logInfo(Log.java:13)] - Initializing WebDriver
2025-03-02 16:29:29.546 INFO [TestNG-PoolService-5] [utilities.Log.logInfo(Log.java:13)] - Initializing WebDriver
2025-03-02 16:29:29.546 INFO [TestNG-PoolService-6] [utilities.Log.logInfo(Log.java:13)] - Initializing WebDriver
2025-03-02 16:29:29.546 INFO [TestNG-PoolService-2] [utilities.Log.logInfo(Log.java:13)] - Initializing WebDriver
2025-03-02 16:29:29.547 INFO [TestNG-PoolService-1] [utilities.Log.logInfo(Log.java:13)] - Initializing WebDriver
2025-03-02 16:30:20.496 INFO [main] [utilities.Log.logInfo(Log.java:13)] - Screenshots for failed
2025-03-02 16:30:20.501 INFO [main] [utilities.Log.logInfo(Log.java:13)] - Closing WebDriver
2025-03-02 16:30:28.302 INFO [main] [utilities.Log.logInfo(Log.java:13)] - Initializing WebDriver
2025-03-02 16:30:28.306 INFO [main] [utilities.Log.logInfo(Log.java:13)] - Navigating to: https://feb-ui-hackathon-bbfd38d67ea9.herokuapp.com/
2025-03-02 16:30:48.565 INFO [main] [utilities.Log.logInfo(Log.java:13)] - The LMS page title is LMS
2025-03-02 16:30:48.566 INFO [main] [utilities.Log.logInfo(Log.java:13)] - Screenshots for failed
2025-03-02 16:30:48.566 INFO [main] [utilities.Log.logInfo(Log.java:13)] - Closing WebDriver
2025-03-02 16:30:56.652 INFO [main] [utilities.Log.logInfo(Log.java:13)] - Initializing WebDriver
2025-03-02 16:30:56.653 INFO [main] [utilities.Log.logInfo(Log.java:13)] - Navigating to: https://feb-ui-hackathon-bbfd38d67ea9.herokuapp.com/
2025-03-02 16:31:14.494 INFO [main] [utilities.Log.logInfo(Log.java:13)] - Page Title :LMS
2025-03-02 16:31:37.090 INFO [main] [pageObjects.ProgramPage.fillProgramForm(ProgramPage.java:169)] - Program data from excel --{=, ProgramDescription=Advanced level SAP, ProgramName=technoTribeProg, testcase=validInputData, ProgramStatus=Active}
2025-03-02 16:31:37.090 INFO [main] [pageObjects.ProgramPage.fillProgramForm(ProgramPage.java:180)] - Program Name Input :technoTribeProgrzz
2025-03-02 16:31:42.163 INFO [main] [utilities.Log.logInfo(Log.java:13)] - Toast Message >>Successful
2025-03-02 16:31:42.164 INFO [main] [utilities.Log.logInfo(Log.java:13)] - Screenshots for failed
2025-03-02 16:31:42.164 INFO [main] [utilities.Log.logInfo(Log.java:13)] - Closing WebDriver
2025-03-02 16:31:50.292 INFO [main] [utilities.Log.logInfo(Log.java:13)] - Initializing WebDriver
2025-03-02 16:31:50.293 INFO [main] [utilities.Log.logInfo(Log.java:13)] - Navigating to: https://feb-ui-hackathon-bbfd38d67ea9.herokuapp.com/
2025-03-02 16:32:26.226 INFO [main] [pageObjects.ProgramPage.verifySearchResultProgramName(ProgramPage.java:423)] - Search result >>technoTribeProgrzz
2025-03-02 16:32:26.227 INFO [main] [pageObjects.ProgramPage.verifySearchResultProgramName(ProgramPage.java:424)] - Search result validation passed: technoTribeProgrzz
2025-03-02 16:32:26.227 INFO [main] [utilities.Log.logInfo(Log.java:13)] - Screenshots for failed
2025-03-02 16:32:26.227 INFO [main] [utilities.Log.logInfo(Log.java:13)] - Closing WebDriver
2025-03-02 16:32:34.425 INFO [main] [utilities.Log.logInfo(Log.java:13)] - Initializing WebDriver
2025-03-02 16:32:34.426 INFO [main] [utilities.Log.logInfo(Log.java:13)] - Navigating to: https://feb-ui-hackathon-bbfd38d67ea9.herokuapp.com/
2025-03-02 16:33:08.805 INFO [main] [utilities.Log.logInfo(Log.java:13)] - ProgramName at run time received in line 235 in ProgramPage = technoTribeProgrzz
2025-03-02 16:33:13.744 INFO [main] [pageObjects.ProgramPage.editTheProgramAndClickSave(ProgramPage.java:234)] - Program name to update from excel >>editprogtest
2025-03-02 16:33:19.147 INFO [main] [utilities.Log.logInfo(Log.java:13)] - Toast Message >>Successful
2025-03-02 16:33:20.112 INFO [main] [pageObjects.ProgramPage.verifyUpdatedProgramDetails(ProgramPage.java:451)] - Search result Name >>editprogtestkki
2025-03-02 16:33:20.112 INFO [main] [pageObjects.ProgramPage.verifyUpdatedProgramDetails(ProgramPage.java:452)] - Search result Desc >>Advanced level Java
2025-03-02 16:33:20.112 INFO [main] [pageObjects.ProgramPage.verifyUpdatedProgramDetails(ProgramPage.java:453)] - Search result validation passed: 
2025-03-02 16:33:20.113 INFO [main] [utilities.Log.logInfo(Log.java:13)] - Screenshots for failed
2025-03-02 16:33:20.113 INFO [main] [utilities.Log.logInfo(Log.java:13)] - Closing WebDriver
2025-03-02 16:33:28.057 INFO [main] [utilities.Log.logInfo(Log.java:13)] - Initializing WebDriver
2025-03-02 16:33:28.058 INFO [main] [utilities.Log.logInfo(Log.java:13)] - Navigating to: https://feb-ui-hackathon-bbfd38d67ea9.herokuapp.com/
2025-03-02 16:34:03.704 INFO [main] [utilities.Log.logInfo(Log.java:13)] - Admin is on ManageBatch page
2025-03-02 16:34:04.329 INFO [main] [utilities.Log.logInfo(Log.java:13)] - Screenshots for failed
2025-03-02 16:34:04.329 INFO [main] [utilities.Log.logInfo(Log.java:13)] - Closing WebDriver
2025-03-02 16:34:12.872 INFO [main] [utilities.Log.logInfo(Log.java:13)] - Initializing WebDriver
2025-03-02 16:34:12.878 INFO [main] [utilities.Log.logInfo(Log.java:13)] - Navigating to: https://feb-ui-hackathon-bbfd38d67ea9.herokuapp.com/
2025-03-02 16:34:48.625 INFO [main] [utilities.Log.logInfo(Log.java:13)] - Screenshots for failed
2025-03-02 16:34:48.626 INFO [main] [utilities.Log.logInfo(Log.java:13)] - Closing WebDriver
2025-03-02 16:34:56.513 INFO [main] [utilities.Log.logInfo(Log.java:13)] - Initializing WebDriver
2025-03-02 16:34:56.514 INFO [main] [utilities.Log.logInfo(Log.java:13)] - Navigating to: https://feb-ui-hackathon-bbfd38d67ea9.herokuapp.com/
2025-03-02 16:35:34.310 INFO [main] [utilities.Log.logInfo(Log.java:13)] - Screenshots for failed
2025-03-02 16:35:34.312 INFO [main] [utilities.Log.logInfo(Log.java:13)] - Closing WebDriver
2025-03-02 16:35:42.082 INFO [main] [utilities.Log.logInfo(Log.java:13)] - Initializing WebDriver
2025-03-02 16:35:42.083 INFO [main] [utilities.Log.logInfo(Log.java:13)] - Navigating to: https://feb-ui-hackathon-bbfd38d67ea9.herokuapp.com/
2025-03-02 16:36:18.679 INFO [main] [utilities.Log.logInfo(Log.java:13)] - Screenshots for failed
2025-03-02 16:36:18.680 INFO [main] [utilities.Log.logInfo(Log.java:13)] - Closing WebDriver
2025-03-02 16:36:26.703 INFO [main] [utilities.Log.logInfo(Log.java:13)] - Initializing WebDriver
2025-03-02 16:36:26.703 INFO [main] [utilities.Log.logInfo(Log.java:13)] - Navigating to: https://feb-ui-hackathon-bbfd38d67ea9.herokuapp.com/
2025-03-02 16:37:08.980 INFO [main] [utilities.Log.logInfo(Log.java:13)] - Screenshots for failed
2025-03-02 16:37:08.981 INFO [main] [utilities.Log.logInfo(Log.java:13)] - Closing WebDriver
2025-03-02 16:37:16.775 INFO [main] [utilities.Log.logInfo(Log.java:13)] - Initializing WebDriver
2025-03-02 16:37:16.778 INFO [main] [utilities.Log.logInfo(Log.java:13)] - Navigating to: https://feb-ui-hackathon-bbfd38d67ea9.herokuapp.com/
2025-03-02 16:37:51.600 INFO [main] [utilities.Log.logInfo(Log.java:13)] - Screenshots for failed
2025-03-02 16:37:51.601 INFO [main] [utilities.Log.logInfo(Log.java:13)] - Closing WebDriver
2025-03-02 16:37:59.608 INFO [main] [utilities.Log.logInfo(Log.java:13)] - Initializing WebDriver
2025-03-02 16:37:59.612 INFO [main] [utilities.Log.logInfo(Log.java:13)] - Navigating to: https://feb-ui-hackathon-bbfd38d67ea9.herokuapp.com/
2025-03-02 16:38:34.184 INFO [main] [utilities.Log.logInfo(Log.java:13)] - Screenshots for failed
2025-03-02 16:38:34.184 INFO [main] [utilities.Log.logInfo(Log.java:13)] - Closing WebDriver
2025-03-02 16:38:42.042 INFO [main] [utilities.Log.logInfo(Log.java:13)] - Initializing WebDriver
2025-03-02 16:38:42.044 INFO [main] [utilities.Log.logInfo(Log.java:13)] - Navigating to: https://feb-ui-hackathon-bbfd38d67ea9.herokuapp.com/
2025-03-02 16:39:17.312 INFO [main] [utilities.Log.logInfo(Log.java:13)] - Screenshots for failed
2025-03-02 16:39:17.313 INFO [main] [utilities.Log.logInfo(Log.java:13)] - Closing WebDriver
2025-03-02 16:39:25.799 INFO [main] [utilities.Log.logInfo(Log.java:13)] - Initializing WebDriver
2025-03-02 16:39:25.800 INFO [main] [utilities.Log.logInfo(Log.java:13)] - Navigating to: https://feb-ui-hackathon-bbfd38d67ea9.herokuapp.com/
2025-03-02 16:40:02.679 INFO [main] [utilities.Log.logInfo(Log.java:13)] - Screenshots for failed
2025-03-02 16:40:02.680 INFO [main] [utilities.Log.logInfo(Log.java:13)] - Closing WebDriver
2025-03-02 16:40:11.361 INFO [main] [utilities.Log.logInfo(Log.java:13)] - Initializing WebDriver
2025-03-02 16:40:11.361 INFO [main] [utilities.Log.logInfo(Log.java:13)] - Navigating to: https://feb-ui-hackathon-bbfd38d67ea9.herokuapp.com/
2025-03-02 16:40:47.886 INFO [main] [utilities.Log.logInfo(Log.java:13)] - Screenshots for failed
2025-03-02 16:40:47.887 INFO [main] [utilities.Log.logInfo(Log.java:13)] - Closing WebDriver
2025-03-02 16:40:56.026 INFO [main] [utilities.Log.logInfo(Log.java:13)] - Initializing WebDriver
2025-03-02 16:40:56.026 INFO [main] [utilities.Log.logInfo(Log.java:13)] - Navigating to: https://feb-ui-hackathon-bbfd38d67ea9.herokuapp.com/
2025-03-02 16:41:31.641 INFO [main] [utilities.Log.logInfo(Log.java:13)] - Screenshots for failed
2025-03-02 16:41:31.642 INFO [main] [utilities.Log.logInfo(Log.java:13)] - Closing WebDriver
2025-03-02 16:41:39.609 INFO [main] [utilities.Log.logInfo(Log.java:13)] - Initializing WebDriver
2025-03-02 16:41:39.610 INFO [main] [utilities.Log.logInfo(Log.java:13)] - Navigating to: https://feb-ui-hackathon-bbfd38d67ea9.herokuapp.com/
2025-03-02 16:42:16.455 INFO [main] [utilities.Log.logInfo(Log.java:13)] - Screenshots for failed
2025-03-02 16:42:16.456 INFO [main] [utilities.Log.logInfo(Log.java:13)] - Closing WebDriver
2025-03-02 16:42:24.533 INFO [main] [utilities.Log.logInfo(Log.java:13)] - Initializing WebDriver
2025-03-02 16:42:24.534 INFO [main] [utilities.Log.logInfo(Log.java:13)] - Navigating to: https://feb-ui-hackathon-bbfd38d67ea9.herokuapp.com/
2025-03-02 16:43:03.606 INFO [main] [utilities.Log.logInfo(Log.java:13)] - Screenshots for failed
2025-03-02 16:43:03.610 INFO [main] [utilities.Log.logInfo(Log.java:13)] - Closing WebDriver
2025-03-02 16:43:11.997 INFO [main] [utilities.Log.logInfo(Log.java:13)] - Initializing WebDriver
2025-03-02 16:43:11.999 INFO [main] [utilities.Log.logInfo(Log.java:13)] - Navigating to: https://feb-ui-hackathon-bbfd38d67ea9.herokuapp.com/
2025-03-02 16:43:54.710 INFO [main] [utilities.Log.logInfo(Log.java:13)] - Screenshots for failed
2025-03-02 16:43:54.712 INFO [main] [utilities.Log.logInfo(Log.java:13)] - Closing WebDriver
2025-03-02 16:44:02.997 INFO [main] [utilities.Log.logInfo(Log.java:13)] - Initializing WebDriver
2025-03-02 16:44:02.998 INFO [main] [utilities.Log.logInfo(Log.java:13)] - Navigating to: https://feb-ui-hackathon-bbfd38d67ea9.herokuapp.com/
2025-03-02 16:44:43.358 INFO [main] [utilities.Log.logInfo(Log.java:13)] - Screenshots for failed
2025-03-02 16:44:43.358 INFO [main] [utilities.Log.logInfo(Log.java:13)] - Closing WebDriver
2025-03-02 16:44:51.234 INFO [main] [utilities.Log.logInfo(Log.java:13)] - Initializing WebDriver
2025-03-02 16:44:51.236 INFO [main] [utilities.Log.logInfo(Log.java:13)] - Navigating to: https://feb-ui-hackathon-bbfd38d67ea9.herokuapp.com/
2025-03-02 16:45:34.287 INFO [main] [utilities.Log.logInfo(Log.java:13)] - Screenshots for failed
2025-03-02 16:45:34.289 INFO [main] [utilities.Log.logInfo(Log.java:13)] - Closing WebDriver
2025-03-02 16:45:42.774 INFO [main] [utilities.Log.logInfo(Log.java:13)] - Initializing WebDriver
2025-03-02 16:45:42.775 INFO [main] [utilities.Log.logInfo(Log.java:13)] - Navigating to: https://feb-ui-hackathon-bbfd38d67ea9.herokuapp.com/
2025-03-02 16:46:25.303 INFO [main] [utilities.Log.logInfo(Log.java:13)] - Screenshots for failed
2025-03-02 16:46:25.305 INFO [main] [utilities.Log.logInfo(Log.java:13)] - Closing WebDriver
2025-03-02 16:46:34.309 INFO [main] [utilities.Log.logInfo(Log.java:13)] - Initializing WebDriver
2025-03-02 16:46:34.311 INFO [main] [utilities.Log.logInfo(Log.java:13)] - Navigating to: https://feb-ui-hackathon-bbfd38d67ea9.herokuapp.com/
2025-03-02 16:47:13.416 INFO [main] [utilities.Log.logInfo(Log.java:13)] - Screenshots for failed
2025-03-02 16:47:13.417 INFO [main] [utilities.Log.logInfo(Log.java:13)] - Closing WebDriver
2025-03-02 16:47:21.342 INFO [main] [utilities.Log.logInfo(Log.java:13)] - Initializing WebDriver
2025-03-02 16:47:21.343 INFO [main] [utilities.Log.logInfo(Log.java:13)] - Navigating to: https://feb-ui-hackathon-bbfd38d67ea9.herokuapp.com/
2025-03-02 16:47:59.771 INFO [main] [utilities.Log.logInfo(Log.java:13)] - Screenshots for failed
2025-03-02 16:47:59.771 INFO [main] [utilities.Log.logInfo(Log.java:13)] - Closing WebDriver
2025-03-02 16:48:07.401 INFO [main] [utilities.Log.logInfo(Log.java:13)] - Initializing WebDriver
2025-03-02 16:48:07.402 INFO [main] [utilities.Log.logInfo(Log.java:13)] - Navigating to: https://feb-ui-hackathon-bbfd38d67ea9.herokuapp.com/
2025-03-02 16:48:49.026 INFO [main] [utilities.Log.logInfo(Log.java:13)] - ProgramName at run time received in line 193 in EditProgramPage = editprogtestkki
2025-03-02 16:48:52.059 INFO [main] [utilities.Log.logInfo(Log.java:13)] - Option Section is visible
2025-03-02 16:48:52.101 INFO [main] [utilities.Log.logInfo(Log.java:13)] - Option is found
2025-03-02 16:48:54.734 INFO [main] [utilities.Log.logInfo(Log.java:13)] - Screenshots for failed
2025-03-02 16:48:54.734 INFO [main] [utilities.Log.logInfo(Log.java:13)] - Closing WebDriver
2025-03-02 16:49:02.157 INFO [main] [utilities.Log.logInfo(Log.java:13)] - Initializing WebDriver
2025-03-02 16:49:02.157 INFO [main] [utilities.Log.logInfo(Log.java:13)] - Navigating to: https://feb-ui-hackathon-bbfd38d67ea9.herokuapp.com/
2025-03-02 16:49:46.652 INFO [main] [utilities.Log.logInfo(Log.java:13)] - ProgramName at run time received in line 193 in EditProgramPage = editprogtestkki
2025-03-02 16:49:49.685 INFO [main] [utilities.Log.logInfo(Log.java:13)] - Option Section is visible
2025-03-02 16:49:49.725 INFO [main] [utilities.Log.logInfo(Log.java:13)] - Option is found
2025-03-02 16:50:09.434 INFO [main] [utilities.Log.logInfo(Log.java:13)] - Batch created successfully - Successful
2025-03-02 16:50:09.435 INFO [main] [utilities.Log.logInfo(Log.java:13)] - BatchName_Mandatory: editprogtestkki137
2025-03-02 16:50:09.834 INFO [main] [utilities.Log.logInfo(Log.java:13)] - Batch created successfully
2025-03-02 16:50:09.834 INFO [main] [utilities.Log.logInfo(Log.java:13)] - Screenshots for failed
2025-03-02 16:50:09.835 INFO [main] [utilities.Log.logInfo(Log.java:13)] - Closing WebDriver
2025-03-02 16:50:16.929 INFO [main] [utilities.Log.logInfo(Log.java:13)] - Initializing WebDriver
2025-03-02 16:50:16.943 INFO [main] [utilities.Log.logInfo(Log.java:13)] - Navigating to: https://feb-ui-hackathon-bbfd38d67ea9.herokuapp.com/
2025-03-02 16:51:00.243 INFO [main] [utilities.Log.logInfo(Log.java:13)] - Option Section is visible
2025-03-02 16:51:56.315 INFO [main] [utilities.Log.logInfo(Log.java:13)] - Error: Program Name is required.
2025-03-02 16:51:56.519 INFO [main] [utilities.Log.logInfo(Log.java:13)] - Screenshots for failed
2025-03-02 16:51:56.519 INFO [main] [utilities.Log.logInfo(Log.java:13)] - Closing WebDriver
2025-03-02 16:52:03.832 INFO [main] [utilities.Log.logInfo(Log.java:13)] - Initializing WebDriver
2025-03-02 16:52:03.833 INFO [main] [utilities.Log.logInfo(Log.java:13)] - Navigating to: https://feb-ui-hackathon-bbfd38d67ea9.herokuapp.com/
2025-03-02 16:52:43.407 INFO [main] [utilities.Log.logInfo(Log.java:13)] - ProgramName at run time received in line 193 in EditProgramPage = editprogtestkki
2025-03-02 16:52:46.436 INFO [main] [utilities.Log.logInfo(Log.java:13)] - Option Section is visible
2025-03-02 16:52:46.472 INFO [main] [utilities.Log.logInfo(Log.java:13)] - Option is found
2025-03-02 16:53:12.235 INFO [main] [utilities.Log.logInfo(Log.java:13)] - Error: Batch Name is required.
2025-03-02 16:53:12.506 INFO [main] [utilities.Log.logInfo(Log.java:13)] - Screenshots for failed
2025-03-02 16:53:12.506 INFO [main] [utilities.Log.logInfo(Log.java:13)] - Closing WebDriver
2025-03-02 16:53:19.841 INFO [main] [utilities.Log.logInfo(Log.java:13)] - Initializing WebDriver
2025-03-02 16:53:19.842 INFO [main] [utilities.Log.logInfo(Log.java:13)] - Navigating to: https://feb-ui-hackathon-bbfd38d67ea9.herokuapp.com/
2025-03-02 16:54:00.614 INFO [main] [utilities.Log.logInfo(Log.java:13)] - ProgramName at run time received in line 193 in EditProgramPage = editprogtestkki
2025-03-02 16:54:03.654 INFO [main] [utilities.Log.logInfo(Log.java:13)] - Option Section is visible
2025-03-02 16:54:03.692 INFO [main] [utilities.Log.logInfo(Log.java:13)] - Option is found
2025-03-02 16:54:28.272 INFO [main] [utilities.Log.logInfo(Log.java:13)] - Error: Batch Description is required.
2025-03-02 16:54:28.563 INFO [main] [utilities.Log.logInfo(Log.java:13)] - Screenshots for failed
2025-03-02 16:54:28.563 INFO [main] [utilities.Log.logInfo(Log.java:13)] - Closing WebDriver
2025-03-02 16:54:36.239 INFO [main] [utilities.Log.logInfo(Log.java:13)] - Initializing WebDriver
2025-03-02 16:54:36.241 INFO [main] [utilities.Log.logInfo(Log.java:13)] - Navigating to: https://feb-ui-hackathon-bbfd38d67ea9.herokuapp.com/
2025-03-02 16:55:15.056 INFO [main] [utilities.Log.logInfo(Log.java:13)] - ProgramName at run time received in line 193 in EditProgramPage = editprogtestkki
2025-03-02 16:55:18.128 INFO [main] [utilities.Log.logInfo(Log.java:13)] - Option Section is visible
2025-03-02 16:55:18.177 INFO [main] [utilities.Log.logInfo(Log.java:13)] - Option is found
2025-03-02 16:55:32.108 INFO [main] [utilities.Log.logInfo(Log.java:13)] - NoOfClasses is missing or empty. Skipping input.
2025-03-02 16:55:43.035 INFO [main] [utilities.Log.logInfo(Log.java:13)] - Error: Number of classes is required.
2025-03-02 16:55:43.253 INFO [main] [utilities.Log.logInfo(Log.java:13)] - Screenshots for failed
2025-03-02 16:55:43.253 INFO [main] [utilities.Log.logInfo(Log.java:13)] - Closing WebDriver
2025-03-02 16:55:50.560 INFO [main] [utilities.Log.logInfo(Log.java:13)] - Initializing WebDriver
2025-03-02 16:55:50.562 INFO [main] [utilities.Log.logInfo(Log.java:13)] - Navigating to: https://feb-ui-hackathon-bbfd38d67ea9.herokuapp.com/
2025-03-02 16:56:28.333 INFO [main] [utilities.Log.logInfo(Log.java:13)] - ProgramName at run time received in line 193 in EditProgramPage = editprogtestkki
2025-03-02 16:56:31.375 INFO [main] [utilities.Log.logInfo(Log.java:13)] - Option Section is visible
2025-03-02 16:56:31.439 INFO [main] [utilities.Log.logInfo(Log.java:13)] - Option is found
2025-03-02 16:56:47.189 INFO [main] [utilities.Log.logInfo(Log.java:13)] - Batch created successfully - chaining
2025-03-02 16:56:47.190 INFO [main] [utilities.Log.logInfo(Log.java:13)] - BatchName_All: editprogtestkki64
2025-03-02 16:56:47.871 INFO [main] [utilities.Log.logInfo(Log.java:13)] - Batch created successfully
2025-03-02 16:56:47.872 INFO [main] [utilities.Log.logInfo(Log.java:13)] - Screenshots for failed
2025-03-02 16:56:47.873 INFO [main] [utilities.Log.logInfo(Log.java:13)] - Closing WebDriver
2025-03-02 16:56:54.977 INFO [main] [utilities.Log.logInfo(Log.java:13)] - Initializing WebDriver
2025-03-02 16:56:54.978 INFO [main] [utilities.Log.logInfo(Log.java:13)] - Navigating to: https://feb-ui-hackathon-bbfd38d67ea9.herokuapp.com/
2025-03-02 16:57:36.232 INFO [main] [utilities.Log.logInfo(Log.java:13)] - ProgramName at run time received in line 193 in EditProgramPage = editprogtestkki
2025-03-02 16:57:39.285 INFO [main] [utilities.Log.logInfo(Log.java:13)] - Option Section is visible
2025-03-02 16:57:39.334 INFO [main] [utilities.Log.logInfo(Log.java:13)] - Option is found
2025-03-02 16:57:41.409 INFO [main] [utilities.Log.logInfo(Log.java:13)] - Screenshots for failed
2025-03-02 16:57:41.409 INFO [main] [utilities.Log.logInfo(Log.java:13)] - Closing WebDriver
2025-03-02 16:57:49.315 INFO [main] [utilities.Log.logInfo(Log.java:13)] - Initializing WebDriver
2025-03-02 16:57:49.317 INFO [main] [utilities.Log.logInfo(Log.java:13)] - Navigating to: https://feb-ui-hackathon-bbfd38d67ea9.herokuapp.com/
2025-03-02 16:58:29.483 INFO [main] [utilities.Log.logInfo(Log.java:13)] - ProgramName at run time received in line 193 in EditProgramPage = editprogtestkki
2025-03-02 16:58:32.558 INFO [main] [utilities.Log.logInfo(Log.java:13)] - Option Section is visible
2025-03-02 16:58:32.604 INFO [main] [utilities.Log.logInfo(Log.java:13)] - Option is found
2025-03-02 16:58:48.175 INFO [main] [utilities.Log.logInfo(Log.java:13)] - Screenshots for failed
2025-03-02 16:58:48.175 INFO [main] [utilities.Log.logInfo(Log.java:13)] - Closing WebDriver
2025-03-02 16:58:54.957 INFO [main] [utilities.Log.logInfo(Log.java:13)] - Initializing WebDriver
2025-03-02 16:58:54.959 INFO [main] [utilities.Log.logInfo(Log.java:13)] - Navigating to: https://feb-ui-hackathon-bbfd38d67ea9.herokuapp.com/
2025-03-02 16:59:36.130 INFO [main] [utilities.Log.logInfo(Log.java:13)] - Screenshots for failed
2025-03-02 16:59:36.131 INFO [main] [utilities.Log.logInfo(Log.java:13)] - Closing WebDriver
2025-03-02 16:59:44.050 INFO [main] [utilities.Log.logInfo(Log.java:13)] - Initializing WebDriver
2025-03-02 16:59:44.051 INFO [main] [utilities.Log.logInfo(Log.java:13)] - Navigating to: https://feb-ui-hackathon-bbfd38d67ea9.herokuapp.com/
2025-03-02 17:00:22.721 INFO [main] [utilities.Log.logInfo(Log.java:13)] - Screenshots for failed
2025-03-02 17:00:22.722 INFO [main] [utilities.Log.logInfo(Log.java:13)] - Closing WebDriver
2025-03-02 17:00:31.140 INFO [main] [utilities.Log.logInfo(Log.java:13)] - Initializing WebDriver
2025-03-02 17:00:31.141 INFO [main] [utilities.Log.logInfo(Log.java:13)] - Navigating to: https://feb-ui-hackathon-bbfd38d67ea9.herokuapp.com/
2025-03-02 17:01:12.746 INFO [main] [utilities.Log.logInfo(Log.java:13)] - Screenshots for failed
2025-03-02 17:01:12.749 INFO [main] [utilities.Log.logInfo(Log.java:13)] - Closing WebDriver
2025-03-02 17:01:20.756 INFO [main] [utilities.Log.logInfo(Log.java:13)] - Initializing WebDriver
2025-03-02 17:01:20.757 INFO [main] [utilities.Log.logInfo(Log.java:13)] - Navigating to: https://feb-ui-hackathon-bbfd38d67ea9.herokuapp.com/
2025-03-02 17:02:00.180 INFO [main] [utilities.Log.logInfo(Log.java:13)] - Screenshots for failed
2025-03-02 17:02:00.181 INFO [main] [utilities.Log.logInfo(Log.java:13)] - Closing WebDriver
2025-03-02 17:02:08.634 INFO [main] [utilities.Log.logInfo(Log.java:13)] - Initializing WebDriver
2025-03-02 17:02:08.635 INFO [main] [utilities.Log.logInfo(Log.java:13)] - Navigating to: https://feb-ui-hackathon-bbfd38d67ea9.herokuapp.com/
2025-03-02 17:03:19.101 INFO [main] [utilities.Log.logInfo(Log.java:13)] - Error: This field should start with an alphabet and min 2 character.
2025-03-02 17:03:19.331 INFO [main] [utilities.Log.logInfo(Log.java:13)] - Screenshots for failed
2025-03-02 17:03:19.331 INFO [main] [utilities.Log.logInfo(Log.java:13)] - Closing WebDriver
2025-03-02 17:03:27.026 INFO [main] [utilities.Log.logInfo(Log.java:13)] - Initializing WebDriver
2025-03-02 17:03:27.027 INFO [main] [utilities.Log.logInfo(Log.java:13)] - Navigating to: https://feb-ui-hackathon-bbfd38d67ea9.herokuapp.com/
2025-03-02 17:04:51.393 INFO [main] [utilities.Log.logInfo(Log.java:13)] - Screenshots for failed
2025-03-02 17:04:52.281 INFO [main] [utilities.Log.logInfo(Log.java:13)] - Closing WebDriver
2025-03-02 17:04:59.784 INFO [main] [utilities.Log.logInfo(Log.java:13)] - Initializing WebDriver
2025-03-02 17:04:59.786 INFO [main] [utilities.Log.logInfo(Log.java:13)] - Navigating to: https://feb-ui-hackathon-bbfd38d67ea9.herokuapp.com/
2025-03-02 17:06:10.892 INFO [main] [utilities.Log.logInfo(Log.java:13)] - Screenshots for failed
2025-03-02 17:06:10.892 INFO [main] [utilities.Log.logInfo(Log.java:13)] - Closing WebDriver
2025-03-02 17:06:18.572 INFO [main] [utilities.Log.logInfo(Log.java:13)] - Initializing WebDriver
2025-03-02 17:06:18.573 INFO [main] [utilities.Log.logInfo(Log.java:13)] - Navigating to: https://feb-ui-hackathon-bbfd38d67ea9.herokuapp.com/
2025-03-02 17:06:54.783 INFO [main] [utilities.Log.logInfo(Log.java:13)] - Batch name is: editprogtestkki64
2025-03-02 17:06:55.843 INFO [main] [utilities.Log.logInfo(Log.java:13)] - search text is: editprogtestkki64
2025-03-02 17:06:55.892 INFO [main] [utilities.Log.logInfo(Log.java:13)] - StaleElementReferenceException encountered. Retrying... 1
2025-03-02 17:06:56.491 INFO [main] [utilities.Log.logInfo(Log.java:13)] - search text is: editprogtestkki64
2025-03-02 17:06:56.491 INFO [main] [utilities.Log.logInfo(Log.java:13)] - Screenshots for failed
2025-03-02 17:06:56.491 INFO [main] [utilities.Log.logInfo(Log.java:13)] - Closing WebDriver
2025-03-02 17:07:04.829 INFO [main] [utilities.Log.logInfo(Log.java:13)] - Initializing WebDriver
2025-03-02 17:07:04.830 INFO [main] [utilities.Log.logInfo(Log.java:13)] - Navigating to: https://feb-ui-hackathon-bbfd38d67ea9.herokuapp.com/
2025-03-02 17:07:46.827 INFO [main] [utilities.Log.logInfo(Log.java:13)] - Screenshots for failed
2025-03-02 17:07:46.829 INFO [main] [utilities.Log.logInfo(Log.java:13)] - Closing WebDriver
2025-03-02 17:07:55.019 INFO [main] [utilities.Log.logInfo(Log.java:13)] - Initializing WebDriver
2025-03-02 17:07:55.020 INFO [main] [utilities.Log.logInfo(Log.java:13)] - Navigating to: https://feb-ui-hackathon-bbfd38d67ea9.herokuapp.com/
2025-03-02 17:08:40.959 INFO [main] [utilities.Log.logInfo(Log.java:13)] - Batch deleted successfully
2025-03-02 17:08:40.963 INFO [main] [utilities.Log.logInfo(Log.java:13)] - Screenshots for failed
2025-03-02 17:08:40.963 INFO [main] [utilities.Log.logInfo(Log.java:13)] - Closing WebDriver
2025-03-02 17:08:49.223 INFO [main] [utilities.Log.logInfo(Log.java:13)] - Initializing WebDriver
2025-03-02 17:08:49.224 INFO [main] [utilities.Log.logInfo(Log.java:13)] - Navigating to: https://feb-ui-hackathon-bbfd38d67ea9.herokuapp.com/
2025-03-02 17:09:34.261 INFO [main] [utilities.Log.logInfo(Log.java:13)] - Screenshots for failed
2025-03-02 17:09:34.262 INFO [main] [utilities.Log.logInfo(Log.java:13)] - Closing WebDriver
2025-03-02 17:09:43.044 INFO [main] [utilities.Log.logInfo(Log.java:13)] - Initializing WebDriver
2025-03-02 17:09:43.045 INFO [main] [utilities.Log.logInfo(Log.java:13)] - Navigating to: https://feb-ui-hackathon-bbfd38d67ea9.herokuapp.com/
2025-03-02 17:10:23.945 INFO [main] [utilities.Log.logInfo(Log.java:13)] - Screenshots for failed
2025-03-02 17:10:23.950 INFO [main] [utilities.Log.logInfo(Log.java:13)] - Closing WebDriver
2025-03-02 17:10:32.407 INFO [main] [utilities.Log.logInfo(Log.java:13)] - Initializing WebDriver
2025-03-02 17:10:32.409 INFO [main] [utilities.Log.logInfo(Log.java:13)] - Navigating to: https://feb-ui-hackathon-bbfd38d67ea9.herokuapp.com/
2025-03-02 17:11:15.240 INFO [main] [utilities.Log.logInfo(Log.java:13)] - Screenshots for failed
2025-03-02 17:11:15.241 INFO [main] [utilities.Log.logInfo(Log.java:13)] - Closing WebDriver
2025-03-02 17:11:23.290 INFO [main] [utilities.Log.logInfo(Log.java:13)] - Initializing WebDriver
2025-03-02 17:11:23.291 INFO [main] [utilities.Log.logInfo(Log.java:13)] - Navigating to: https://feb-ui-hackathon-bbfd38d67ea9.herokuapp.com/
2025-03-02 17:12:13.132 INFO [main] [utilities.Log.logInfo(Log.java:13)] - Screenshots for failed
2025-03-02 17:12:13.133 INFO [main] [utilities.Log.logInfo(Log.java:13)] - Closing WebDriver
2025-03-02 17:12:21.126 INFO [main] [utilities.Log.logInfo(Log.java:13)] - Initializing WebDriver
2025-03-02 17:12:21.127 INFO [main] [utilities.Log.logInfo(Log.java:13)] - Navigating to: https://feb-ui-hackathon-bbfd38d67ea9.herokuapp.com/
2025-03-02 17:12:57.794 INFO [main] [utilities.Log.logInfo(Log.java:13)] - Screenshots for failed
2025-03-02 17:12:57.795 INFO [main] [utilities.Log.logInfo(Log.java:13)] - Closing WebDriver
2025-03-02 17:13:09.989 INFO [main] [utilities.Log.logInfo(Log.java:13)] - Initializing WebDriver
2025-03-02 17:13:09.990 INFO [main] [utilities.Log.logInfo(Log.java:13)] - Navigating to: https://feb-ui-hackathon-bbfd38d67ea9.herokuapp.com/
2025-03-02 17:13:54.814 INFO [main] [utilities.Log.logInfo(Log.java:13)] - Screenshots for failed
2025-03-02 17:13:54.815 INFO [main] [utilities.Log.logInfo(Log.java:13)] - Closing WebDriver
2025-03-02 17:14:02.943 INFO [main] [utilities.Log.logInfo(Log.java:13)] - Initializing WebDriver
2025-03-02 17:14:02.944 INFO [main] [utilities.Log.logInfo(Log.java:13)] - Navigating to: https://feb-ui-hackathon-bbfd38d67ea9.herokuapp.com/
2025-03-02 17:14:45.470 INFO [main] [utilities.Log.logInfo(Log.java:13)] - Screenshots for failed
2025-03-02 17:14:45.473 INFO [main] [utilities.Log.logInfo(Log.java:13)] - Closing WebDriver
2025-03-02 17:14:53.755 INFO [main] [utilities.Log.logInfo(Log.java:13)] - Initializing WebDriver
2025-03-02 17:14:53.759 INFO [main] [utilities.Log.logInfo(Log.java:13)] - Navigating to: https://feb-ui-hackathon-bbfd38d67ea9.herokuapp.com/
2025-03-02 17:15:30.869 INFO [main] [utilities.Log.logInfo(Log.java:13)] - Screenshots for failed
2025-03-02 17:15:30.870 INFO [main] [utilities.Log.logInfo(Log.java:13)] - Closing WebDriver
2025-03-02 17:15:39.202 INFO [main] [utilities.Log.logInfo(Log.java:13)] - Initializing WebDriver
2025-03-02 17:15:39.203 INFO [main] [utilities.Log.logInfo(Log.java:13)] - Navigating to: https://feb-ui-hackathon-bbfd38d67ea9.herokuapp.com/
2025-03-02 17:16:18.135 INFO [main] [utilities.Log.logInfo(Log.java:13)] - Screenshots for failed
2025-03-02 17:16:18.136 INFO [main] [utilities.Log.logInfo(Log.java:13)] - Closing WebDriver
2025-03-02 17:16:26.120 INFO [main] [utilities.Log.logInfo(Log.java:13)] - Initializing WebDriver
2025-03-02 17:16:26.121 INFO [main] [utilities.Log.logInfo(Log.java:13)] - Navigating to: https://feb-ui-hackathon-bbfd38d67ea9.herokuapp.com/
2025-03-02 17:17:04.452 INFO [main] [utilities.Log.logInfo(Log.java:13)] - Screenshots for failed
2025-03-02 17:17:04.453 INFO [main] [utilities.Log.logInfo(Log.java:13)] - Closing WebDriver
2025-03-02 17:17:12.201 INFO [main] [utilities.Log.logInfo(Log.java:13)] - Initializing WebDriver
2025-03-02 17:17:12.203 INFO [main] [utilities.Log.logInfo(Log.java:13)] - Navigating to: https://feb-ui-hackathon-bbfd38d67ea9.herokuapp.com/
2025-03-02 17:17:54.629 INFO [main] [utilities.Log.logInfo(Log.java:13)] - Screenshots for failed
2025-03-02 17:17:54.636 INFO [main] [utilities.Log.logInfo(Log.java:13)] - Closing WebDriver
2025-03-02 17:18:03.017 INFO [main] [utilities.Log.logInfo(Log.java:13)] - Initializing WebDriver
2025-03-02 17:18:03.017 INFO [main] [utilities.Log.logInfo(Log.java:13)] - Navigating to: https://feb-ui-hackathon-bbfd38d67ea9.herokuapp.com/
2025-03-02 17:18:45.103 INFO [main] [utilities.Log.logInfo(Log.java:13)] - Screenshots for failed
2025-03-02 17:18:45.104 INFO [main] [utilities.Log.logInfo(Log.java:13)] - Closing WebDriver
2025-03-02 17:18:54.535 INFO [main] [utilities.Log.logInfo(Log.java:13)] - Initializing WebDriver
2025-03-02 17:18:54.536 INFO [main] [utilities.Log.logInfo(Log.java:13)] - Navigating to: https://feb-ui-hackathon-bbfd38d67ea9.herokuapp.com/
2025-03-02 17:19:34.449 INFO [main] [utilities.Log.logInfo(Log.java:13)] - Screenshots for failed
2025-03-02 17:19:34.449 INFO [main] [utilities.Log.logInfo(Log.java:13)] - Closing WebDriver
2025-03-02 17:19:42.338 INFO [main] [utilities.Log.logInfo(Log.java:13)] - Initializing WebDriver
2025-03-02 17:19:42.339 INFO [main] [utilities.Log.logInfo(Log.java:13)] - Navigating to: https://feb-ui-hackathon-bbfd38d67ea9.herokuapp.com/
2025-03-02 17:20:26.332 INFO [main] [utilities.Log.logInfo(Log.java:13)] - Screenshots for failed
2025-03-02 17:20:26.332 INFO [main] [utilities.Log.logInfo(Log.java:13)] - Closing WebDriver
2025-03-02 17:20:34.119 INFO [main] [utilities.Log.logInfo(Log.java:13)] - Initializing WebDriver
2025-03-02 17:20:34.120 INFO [main] [utilities.Log.logInfo(Log.java:13)] - Navigating to: https://feb-ui-hackathon-bbfd38d67ea9.herokuapp.com/
2025-03-02 17:21:17.054 INFO [main] [utilities.Log.logInfo(Log.java:13)] - Screenshots for failed
2025-03-02 17:21:17.056 INFO [main] [utilities.Log.logInfo(Log.java:13)] - Closing WebDriver
2025-03-02 17:21:26.934 INFO [main] [utilities.Log.logInfo(Log.java:13)] - Initializing WebDriver
2025-03-02 17:21:26.936 INFO [main] [utilities.Log.logInfo(Log.java:13)] - Navigating to: https://feb-ui-hackathon-bbfd38d67ea9.herokuapp.com/
2025-03-02 17:22:07.131 INFO [main] [utilities.Log.logInfo(Log.java:13)] - Screenshots for failed
2025-03-02 17:22:07.132 INFO [main] [utilities.Log.logInfo(Log.java:13)] - Closing WebDriver
2025-03-02 17:22:16.127 INFO [main] [utilities.Log.logInfo(Log.java:13)] - Initializing WebDriver
2025-03-02 17:22:16.128 INFO [main] [utilities.Log.logInfo(Log.java:13)] - Navigating to: https://feb-ui-hackathon-bbfd38d67ea9.herokuapp.com/
2025-03-02 17:23:02.722 INFO [main] [utilities.Log.logInfo(Log.java:13)] - Screenshots for failed
2025-03-02 17:23:02.723 INFO [main] [utilities.Log.logInfo(Log.java:13)] - Closing WebDriver
2025-03-02 17:23:11.232 INFO [main] [utilities.Log.logInfo(Log.java:13)] - Initializing WebDriver
2025-03-02 17:23:11.238 INFO [main] [utilities.Log.logInfo(Log.java:13)] - Navigating to: https://feb-ui-hackathon-bbfd38d67ea9.herokuapp.com/
2025-03-02 17:23:52.539 INFO [main] [utilities.Log.logInfo(Log.java:13)] - Screenshots for failed
2025-03-02 17:23:52.540 INFO [main] [utilities.Log.logInfo(Log.java:13)] - Closing WebDriver
2025-03-02 17:24:00.608 INFO [main] [utilities.Log.logInfo(Log.java:13)] - Initializing WebDriver
2025-03-02 17:24:00.610 INFO [main] [utilities.Log.logInfo(Log.java:13)] - Navigating to: https://feb-ui-hackathon-bbfd38d67ea9.herokuapp.com/
2025-03-02 17:24:40.805 INFO [main] [utilities.Log.logInfo(Log.java:13)] - Screenshots for failed
2025-03-02 17:24:40.807 INFO [main] [utilities.Log.logInfo(Log.java:13)] - Closing WebDriver
2025-03-02 17:24:48.728 INFO [main] [utilities.Log.logInfo(Log.java:13)] - Initializing WebDriver
2025-03-02 17:24:48.729 INFO [main] [utilities.Log.logInfo(Log.java:13)] - Navigating to: https://feb-ui-hackathon-bbfd38d67ea9.herokuapp.com/
2025-03-02 17:25:05.273 INFO [main] [utilities.Log.logInfo(Log.java:13)] - Navigated to home page 
2025-03-02 17:25:40.770 INFO [main] [utilities.Log.logInfo(Log.java:13)] - Screenshots for failed
2025-03-02 17:25:41.492 INFO [main] [utilities.Log.logInfo(Log.java:13)] - Closing WebDriver
2025-03-02 17:25:50.647 INFO [main] [utilities.Log.logInfo(Log.java:13)] - Initializing WebDriver
2025-03-02 17:25:50.648 INFO [main] [utilities.Log.logInfo(Log.java:13)] - Navigating to: https://feb-ui-hackathon-bbfd38d67ea9.herokuapp.com/
2025-03-02 17:26:48.409 INFO [main] [utilities.Log.logInfo(Log.java:13)] - Batch name is: editprogtestkki64
2025-03-02 17:27:13.247 INFO [main] [utilities.Log.logInfo(Log.java:13)] - Batch name is: editprogtestkki137
2025-03-02 17:27:36.854 INFO [main] [utilities.Log.logInfo(Log.java:13)] - Screenshots for failed
2025-03-02 17:27:36.856 INFO [main] [utilities.Log.logInfo(Log.java:13)] - Closing WebDriver
2025-03-02 17:27:44.962 INFO [main] [utilities.Log.logInfo(Log.java:13)] - Initializing WebDriver
2025-03-02 17:27:44.963 INFO [main] [utilities.Log.logInfo(Log.java:13)] - Navigating to: https://feb-ui-hackathon-bbfd38d67ea9.herokuapp.com/
2025-03-02 17:28:29.234 INFO [main] [pageObjects.ProgramPage.clickDeleteProgramBtn(ProgramPage.java:298)] - Program to be deleted >>>editprogtestkki
2025-03-02 17:28:32.989 INFO [main] [utilities.Log.logInfo(Log.java:13)] - Toast Message >>Successful
2025-03-02 17:28:32.990 INFO [main] [utilities.Log.logInfo(Log.java:13)] - Screenshots for failed
2025-03-02 17:28:32.990 INFO [main] [utilities.Log.logInfo(Log.java:13)] - Closing WebDriver
2025-03-02 17:28:41.423 INFO [main] [utilities.Log.logInfo(Log.java:13)] - Initializing WebDriver
2025-03-02 17:28:41.425 INFO [main] [utilities.Log.logInfo(Log.java:13)] - Navigating to: https://feb-ui-hackathon-bbfd38d67ea9.herokuapp.com/
2025-03-02 17:29:20.050 INFO [main] [utilities.Log.logInfo(Log.java:13)] - Screenshots for failed
2025-03-02 17:29:20.051 INFO [main] [utilities.Log.logInfo(Log.java:13)] - Closing WebDriver
